<?xml version="1.0" encoding="UTF-8"?>
<testsuites name="jest tests" tests="5" failures="0" errors="0" time="2.352">
  <testsuite name="User" errors="0" failures="0" skipped="0" timestamp="2022-11-15T10:23:35" time="2.24" tests="5">
    <testcase classname="User Testing user functions Should get all users" name="User Testing user functions Should get all users" time="0.011">
    </testcase>
    <testcase classname="User Testing user functions Should get user by id" name="User Testing user functions Should get user by id" time="0.007">
    </testcase>
    <testcase classname="User Testing user functions Should create single user" name="User Testing user functions Should create single user" time="0.123">
    </testcase>
    <testcase classname="User Testing user functions Should update single user" name="User Testing user functions Should update single user" time="0.125">
    </testcase>
    <testcase classname="User Profile Testing user profile functions Should get all users" name="User Profile Testing user profile functions Should get all users" time="0.001">
    </testcase>
  </testsuite>
</testsuites>